Build started 11/5/2016 11:50:03 PM.
     1>Project "C:\Users\ali\Documents\Visual Studio 2013\Projects\Social-Tree-Analyzer\social graph(1st ds project)\social graph(1st ds project).vcxproj" on node 2 (Build target(s)).
     1>ClCompile:
         C:\Program Files (x86)\Microsoft Visual Studio 12.0\VC\bin\CL.exe /c /ZI /nologo /W3 /WX- /sdl /Od /Oy- /D _MBCS /Gm /EHsc /RTC1 /MDd /GS /fp:precise /Zc:wchar_t /Zc:forScope /Fo"Debug\\" /Fd"Debug\vc120.pdb" /Gd /TP /analyze- /errorReport:prompt DataCompressor.cpp Edge.cpp main.cpp MatchMakingResult.cpp
         MatchMakingResult.cpp
     1>c:\users\ali\documents\visual studio 2013\projects\social-tree-analyzer\social graph(1st ds project)\matchmakingresult.cpp(2): error C2628: 'MatchMakingResult' followed by 'void' is illegal (did you forget a ';'?)
     1>c:\users\ali\documents\visual studio 2013\projects\social-tree-analyzer\social graph(1st ds project)\matchmakingresult.cpp(3): error C2556: 'MatchMakingResult MatchMakingResult::print(MatchMakingResult &)' : overloaded function differs only by return type from 'void MatchMakingResult::print(MatchMakingResult &)'
                 c:\users\ali\documents\visual studio 2013\projects\social-tree-analyzer\social graph(1st ds project)\matchmakingresult.h(11) : see declaration of 'MatchMakingResult::print'
     1>c:\users\ali\documents\visual studio 2013\projects\social-tree-analyzer\social graph(1st ds project)\matchmakingresult.cpp(3): error C2371: 'MatchMakingResult::print' : redefinition; different basic types
                 c:\users\ali\documents\visual studio 2013\projects\social-tree-analyzer\social graph(1st ds project)\matchmakingresult.h(11) : see declaration of 'MatchMakingResult::print'
     1>c:\users\ali\documents\visual studio 2013\projects\social-tree-analyzer\social graph(1st ds project)\matchmakingresult.cpp(4): warning C4018: '<' : signed/unsigned mismatch
         main.cpp
     1>c:\users\ali\documents\visual studio 2013\projects\social-tree-analyzer\social graph(1st ds project)\matchdetector.h(5): error C2236: unexpected token 'class'. Did you forget a ';'?
     1>c:\users\ali\documents\visual studio 2013\projects\social-tree-analyzer\social graph(1st ds project)\matchdetector.h(6): error C2143: syntax error : missing ';' before '{'
     1>c:\users\ali\documents\visual studio 2013\projects\social-tree-analyzer\social graph(1st ds project)\matchdetector.h(6): error C2447: '{' : missing function header (old-style formal list?)
     1>c:\users\ali\documents\visual studio 2013\projects\social-tree-analyzer\social graph(1st ds project)\main.cpp(12): error C2079: 'matchDetecor' uses undefined class 'MatchDetector'
     1>c:\users\ali\documents\visual studio 2013\projects\social-tree-analyzer\social graph(1st ds project)\main.cpp(17): error C2228: left of '.getCompressData' must have class/struct/union
                 type is 'int'
         Edge.cpp
         DataCompressor.cpp
     1>c:\users\ali\documents\visual studio 2013\projects\social-tree-analyzer\social graph(1st ds project)\datacompressor.cpp(19): warning C4002: too many actual parameters for macro 'assert'
     1>c:\users\ali\documents\visual studio 2013\projects\social-tree-analyzer\social graph(1st ds project)\datacompressor.cpp(135): error C2065: 'compressedData' : undeclared identifier
     1>c:\users\ali\documents\visual studio 2013\projects\social-tree-analyzer\social graph(1st ds project)\datacompressor.cpp(135): error C2065: 'return_compressed_data' : undeclared identifier
     1>c:\users\ali\documents\visual studio 2013\projects\social-tree-analyzer\social graph(1st ds project)\datacompressor.cpp(136): error C2448: 'DataCompressor::getCompressData' : function-style initializer appears to be a function definition
         Generating Code...
     1>Done Building Project "C:\Users\ali\Documents\Visual Studio 2013\Projects\Social-Tree-Analyzer\social graph(1st ds project)\social graph(1st ds project).vcxproj" (Build target(s)) -- FAILED.

Build FAILED.

Time Elapsed 00:00:01.07
